<?xml version="1.0" encoding="UTF-8"?>
<!-- Generated by org.testng.reporters.JUnitReportReporter -->
<testsuite hostname="LAPTOP-OO66PKPK" failures="0" tests="2" name="com.testannotations.TestAnnotations" time="0.000" errors="0" timestamp="28 Nov 2023 10:29:44 GMT" skipped="0">
  <testcase classname="com.testannotations.TestAnnotations" name="Test1" time="0.000"/>
  <testcase classname="com.testannotations.TestAnnotations" name="Test2" time="0.000"/>
</testsuite> <!-- com.testannotations.TestAnnotations -->
